[AutoFPMMatch.py] 2024-01-23 13:37:20,023 - [INFO]: FIDpMS file not found for sample and phase, creating new...
[AutoFPMMatch.py] 2024-01-23 13:40:21,229 - [INFO]: FIDpMS file not found for sample and phase, creating new...
[AutoFPMMatch.py] 2024-01-23 14:07:39,023 - [INFO]: FIDpMS file exists and contains manual and/or blank sourced entries
[AutoFPMMatch.py] 2024-01-23 14:07:39,027 - [WARNING]: One or more labelled peaks in the FIDpMS file have no entry for Compound Source
[AutoFPMMatch.py] 2024-01-23 14:07:44,534 - [INFO]: Performing speculative labeling on Ni01BEA_265_24h_001 with 177 peaks, 3 of which are labelled: 2 sourced manually and 1 with an unknown source
[AutoFPMMatch.py] 2024-01-23 14:08:52,593 - [INFO]: FIDpMS file exists and contains manual and/or blank sourced entries
[AutoFPMMatch.py] 2024-01-23 14:08:52,596 - [WARNING]: One or more labelled peaks in the FIDpMS file have no entry for Compound Source
[AutoFPMMatch.py] 2024-01-23 14:08:53,765 - [INFO]: Performing speculative labeling on Ni01BEA_265_24h_001 with 177 peaks, 3 of which are labelled: 2 sourced manually and 1 with an unknown source
[AutoFPMMatch.py] 2024-01-23 14:11:21,110 - [INFO]: FIDpMS file exists and contains manual and/or blank sourced entries
[fpm_match.py] 2024-01-23 14:15:36,071 - [INFO]: FIDpMS file exists and contains manual and/or blank sourced entries
[fpm_match.py] 2024-01-23 14:15:36,071 - [INFO]: FIDpMS file exists and contains manual and/or blank sourced entries
[fpm_match.py] 2024-01-23 14:15:51,657 - [INFO]: FIDpMS file exists and contains manual and/or blank sourced entries
[fpm_match.py] 2024-01-23 14:15:51,657 - [INFO]: FIDpMS file exists and contains manual and/or blank sourced entries
[fpm_match.py] 2024-01-23 14:15:51,657 - [INFO]: FIDpMS file exists and contains manual and/or blank sourced entries
[fpm_match.py] 2024-01-23 14:15:55,667 - [INFO]: Performing speculative labeling on Ni01BEA_265_24h_001 with 90 peaks, 3 of which are labelled: 3 sourced manually and 0 with an unknown source
[fpm_match.py] 2024-01-23 14:15:55,667 - [INFO]: Performing speculative labeling on Ni01BEA_265_24h_001 with 90 peaks, 3 of which are labelled: 3 sourced manually and 0 with an unknown source
[fpm_match.py] 2024-01-23 14:15:55,667 - [INFO]: Performing speculative labeling on Ni01BEA_265_24h_001 with 90 peaks, 3 of which are labelled: 3 sourced manually and 0 with an unknown source
[fpm_match.py] 2024-01-23 14:16:05,618 - [INFO]: FIDpMS file exists and contains manual and/or blank sourced entries
[fpm_match.py] 2024-01-23 14:16:05,618 - [INFO]: FIDpMS file exists and contains manual and/or blank sourced entries
[fpm_match.py] 2024-01-23 14:16:05,618 - [INFO]: FIDpMS file exists and contains manual and/or blank sourced entries
[fpm_match.py] 2024-01-23 14:16:05,618 - [INFO]: FIDpMS file exists and contains manual and/or blank sourced entries
[fpm_match.py] 2024-01-23 14:16:05,816 - [INFO]: Performing speculative labeling on Ni01BEA_265_24h_001 with 90 peaks, 3 of which are labelled: 3 sourced manually and 0 with an unknown source
[fpm_match.py] 2024-01-23 14:16:05,816 - [INFO]: Performing speculative labeling on Ni01BEA_265_24h_001 with 90 peaks, 3 of which are labelled: 3 sourced manually and 0 with an unknown source
[fpm_match.py] 2024-01-23 14:16:05,816 - [INFO]: Performing speculative labeling on Ni01BEA_265_24h_001 with 90 peaks, 3 of which are labelled: 3 sourced manually and 0 with an unknown source
[fpm_match.py] 2024-01-23 14:16:05,816 - [INFO]: Performing speculative labeling on Ni01BEA_265_24h_001 with 90 peaks, 3 of which are labelled: 3 sourced manually and 0 with an unknown source
[fpm_match.py] 2024-01-23 14:18:31,742 - [INFO]: FIDpMS file exists and contains manual and/or blank sourced entries
[fpm_match.py] 2024-01-23 14:18:31,742 - [INFO]: FIDpMS file exists and contains manual and/or blank sourced entries
[fpm_match.py] 2024-01-23 14:18:31,742 - [INFO]: FIDpMS file exists and contains manual and/or blank sourced entries
[fpm_match.py] 2024-01-23 14:18:31,742 - [INFO]: FIDpMS file exists and contains manual and/or blank sourced entries
[fpm_match.py] 2024-01-23 14:18:31,742 - [INFO]: FIDpMS file exists and contains manual and/or blank sourced entries
[fpm_match.py] 2024-01-23 14:18:32,373 - [INFO]: Performing speculative labeling on Ni01BEA_265_24h_001 with 90 peaks, 3 of which are labelled: 3 sourced manually and 0 with an unknown source
[fpm_match.py] 2024-01-23 14:18:32,373 - [INFO]: Performing speculative labeling on Ni01BEA_265_24h_001 with 90 peaks, 3 of which are labelled: 3 sourced manually and 0 with an unknown source
[fpm_match.py] 2024-01-23 14:18:32,373 - [INFO]: Performing speculative labeling on Ni01BEA_265_24h_001 with 90 peaks, 3 of which are labelled: 3 sourced manually and 0 with an unknown source
[fpm_match.py] 2024-01-23 14:18:32,373 - [INFO]: Performing speculative labeling on Ni01BEA_265_24h_001 with 90 peaks, 3 of which are labelled: 3 sourced manually and 0 with an unknown source
[fpm_match.py] 2024-01-23 14:18:32,373 - [INFO]: Performing speculative labeling on Ni01BEA_265_24h_001 with 90 peaks, 3 of which are labelled: 3 sourced manually and 0 with an unknown source
[fpm_match.py] 2024-01-23 14:18:39,932 - [INFO]: FIDpMS file exists and contains manual and/or blank sourced entries
[fpm_match.py] 2024-01-23 14:18:39,932 - [INFO]: FIDpMS file exists and contains manual and/or blank sourced entries
[fpm_match.py] 2024-01-23 14:18:39,932 - [INFO]: FIDpMS file exists and contains manual and/or blank sourced entries
[fpm_match.py] 2024-01-23 14:18:39,932 - [INFO]: FIDpMS file exists and contains manual and/or blank sourced entries
[fpm_match.py] 2024-01-23 14:18:39,932 - [INFO]: FIDpMS file exists and contains manual and/or blank sourced entries
[fpm_match.py] 2024-01-23 14:18:39,932 - [INFO]: FIDpMS file exists and contains manual and/or blank sourced entries
[fpm_match.py] 2024-01-23 14:18:40,717 - [INFO]: Performing speculative labeling on Ni01BEA_265_24h_001 with 90 peaks, 3 of which are labelled: 3 sourced manually and 0 with an unknown source
[fpm_match.py] 2024-01-23 14:18:40,717 - [INFO]: Performing speculative labeling on Ni01BEA_265_24h_001 with 90 peaks, 3 of which are labelled: 3 sourced manually and 0 with an unknown source
[fpm_match.py] 2024-01-23 14:18:40,717 - [INFO]: Performing speculative labeling on Ni01BEA_265_24h_001 with 90 peaks, 3 of which are labelled: 3 sourced manually and 0 with an unknown source
[fpm_match.py] 2024-01-23 14:18:40,717 - [INFO]: Performing speculative labeling on Ni01BEA_265_24h_001 with 90 peaks, 3 of which are labelled: 3 sourced manually and 0 with an unknown source
[fpm_match.py] 2024-01-23 14:18:40,717 - [INFO]: Performing speculative labeling on Ni01BEA_265_24h_001 with 90 peaks, 3 of which are labelled: 3 sourced manually and 0 with an unknown source
[fpm_match.py] 2024-01-23 14:18:40,717 - [INFO]: Performing speculative labeling on Ni01BEA_265_24h_001 with 90 peaks, 3 of which are labelled: 3 sourced manually and 0 with an unknown source
[fpm_match.py] 2024-01-23 14:19:13,319 - [INFO]: FIDpMS file exists and contains manual and/or blank sourced entries
[fpm_match.py] 2024-01-23 14:19:13,319 - [INFO]: FIDpMS file exists and contains manual and/or blank sourced entries
[fpm_match.py] 2024-01-23 14:19:13,319 - [INFO]: FIDpMS file exists and contains manual and/or blank sourced entries
[fpm_match.py] 2024-01-23 14:19:13,319 - [INFO]: FIDpMS file exists and contains manual and/or blank sourced entries
[fpm_match.py] 2024-01-23 14:19:13,319 - [INFO]: FIDpMS file exists and contains manual and/or blank sourced entries
[fpm_match.py] 2024-01-23 14:19:13,319 - [INFO]: FIDpMS file exists and contains manual and/or blank sourced entries
[fpm_match.py] 2024-01-23 14:19:13,319 - [INFO]: FIDpMS file exists and contains manual and/or blank sourced entries
[fpm_match.py] 2024-01-23 14:20:49,742 - [INFO]: FIDpMS file exists and contains manual and/or blank sourced entries
[fpm_match.py] 2024-01-23 14:20:49,742 - [INFO]: FIDpMS file exists and contains manual and/or blank sourced entries
[fpm_match.py] 2024-01-23 14:20:49,742 - [INFO]: FIDpMS file exists and contains manual and/or blank sourced entries
[fpm_match.py] 2024-01-23 14:20:49,742 - [INFO]: FIDpMS file exists and contains manual and/or blank sourced entries
[fpm_match.py] 2024-01-23 14:20:49,742 - [INFO]: FIDpMS file exists and contains manual and/or blank sourced entries
[fpm_match.py] 2024-01-23 14:20:49,742 - [INFO]: FIDpMS file exists and contains manual and/or blank sourced entries
[fpm_match.py] 2024-01-23 14:20:49,742 - [INFO]: FIDpMS file exists and contains manual and/or blank sourced entries
[fpm_match.py] 2024-01-23 14:20:49,742 - [INFO]: FIDpMS file exists and contains manual and/or blank sourced entries
[fpm_match.py] 2024-01-23 14:20:49,886 - [INFO]: Performing speculative labeling on Ni01BEA_265_24h_001 with 90 peaks, 3 of which are labelled: 3 sourced manually and 0 with an unknown source
[fpm_match.py] 2024-01-23 14:20:49,886 - [INFO]: Performing speculative labeling on Ni01BEA_265_24h_001 with 90 peaks, 3 of which are labelled: 3 sourced manually and 0 with an unknown source
[fpm_match.py] 2024-01-23 14:20:49,886 - [INFO]: Performing speculative labeling on Ni01BEA_265_24h_001 with 90 peaks, 3 of which are labelled: 3 sourced manually and 0 with an unknown source
[fpm_match.py] 2024-01-23 14:20:49,886 - [INFO]: Performing speculative labeling on Ni01BEA_265_24h_001 with 90 peaks, 3 of which are labelled: 3 sourced manually and 0 with an unknown source
[fpm_match.py] 2024-01-23 14:20:49,886 - [INFO]: Performing speculative labeling on Ni01BEA_265_24h_001 with 90 peaks, 3 of which are labelled: 3 sourced manually and 0 with an unknown source
[fpm_match.py] 2024-01-23 14:20:49,886 - [INFO]: Performing speculative labeling on Ni01BEA_265_24h_001 with 90 peaks, 3 of which are labelled: 3 sourced manually and 0 with an unknown source
[fpm_match.py] 2024-01-23 14:20:49,886 - [INFO]: Performing speculative labeling on Ni01BEA_265_24h_001 with 90 peaks, 3 of which are labelled: 3 sourced manually and 0 with an unknown source
[fpm_match.py] 2024-01-23 14:20:49,886 - [INFO]: Performing speculative labeling on Ni01BEA_265_24h_001 with 90 peaks, 3 of which are labelled: 3 sourced manually and 0 with an unknown source
[fpm_match.py] 2024-01-23 14:29:09,285 - [INFO]: FIDpMS file exists and contains manual and/or blank sourced entries
[fpm_match.py] 2024-01-23 14:29:09,285 - [INFO]: FIDpMS file exists and contains manual and/or blank sourced entries
[fpm_match.py] 2024-01-23 14:29:09,285 - [INFO]: FIDpMS file exists and contains manual and/or blank sourced entries
[fpm_match.py] 2024-01-23 14:29:09,285 - [INFO]: FIDpMS file exists and contains manual and/or blank sourced entries
[fpm_match.py] 2024-01-23 14:29:09,285 - [INFO]: FIDpMS file exists and contains manual and/or blank sourced entries
[fpm_match.py] 2024-01-23 14:29:09,285 - [INFO]: FIDpMS file exists and contains manual and/or blank sourced entries
[fpm_match.py] 2024-01-23 14:29:09,285 - [INFO]: FIDpMS file exists and contains manual and/or blank sourced entries
[fpm_match.py] 2024-01-23 14:29:09,285 - [INFO]: FIDpMS file exists and contains manual and/or blank sourced entries
[fpm_match.py] 2024-01-23 14:29:09,285 - [INFO]: FIDpMS file exists and contains manual and/or blank sourced entries
[fpm_match.py] 2024-01-23 14:29:09,392 - [INFO]: Performing speculative labeling on Ni01BEA_265_24h_001 with 90 peaks, 3 of which are labelled: 3 sourced manually and 0 with an unknown source
[fpm_match.py] 2024-01-23 14:29:09,392 - [INFO]: Performing speculative labeling on Ni01BEA_265_24h_001 with 90 peaks, 3 of which are labelled: 3 sourced manually and 0 with an unknown source
[fpm_match.py] 2024-01-23 14:29:09,392 - [INFO]: Performing speculative labeling on Ni01BEA_265_24h_001 with 90 peaks, 3 of which are labelled: 3 sourced manually and 0 with an unknown source
[fpm_match.py] 2024-01-23 14:29:09,392 - [INFO]: Performing speculative labeling on Ni01BEA_265_24h_001 with 90 peaks, 3 of which are labelled: 3 sourced manually and 0 with an unknown source
[fpm_match.py] 2024-01-23 14:29:09,392 - [INFO]: Performing speculative labeling on Ni01BEA_265_24h_001 with 90 peaks, 3 of which are labelled: 3 sourced manually and 0 with an unknown source
[fpm_match.py] 2024-01-23 14:29:09,392 - [INFO]: Performing speculative labeling on Ni01BEA_265_24h_001 with 90 peaks, 3 of which are labelled: 3 sourced manually and 0 with an unknown source
[fpm_match.py] 2024-01-23 14:29:09,392 - [INFO]: Performing speculative labeling on Ni01BEA_265_24h_001 with 90 peaks, 3 of which are labelled: 3 sourced manually and 0 with an unknown source
[fpm_match.py] 2024-01-23 14:29:09,392 - [INFO]: Performing speculative labeling on Ni01BEA_265_24h_001 with 90 peaks, 3 of which are labelled: 3 sourced manually and 0 with an unknown source
[fpm_match.py] 2024-01-23 14:29:09,392 - [INFO]: Performing speculative labeling on Ni01BEA_265_24h_001 with 90 peaks, 3 of which are labelled: 3 sourced manually and 0 with an unknown source
[fpm_match.py] 2024-01-23 14:30:40,423 - [INFO]: FIDpMS file exists and contains manual and/or blank sourced entries
[fpm_match.py] 2024-01-23 14:30:40,423 - [INFO]: FIDpMS file exists and contains manual and/or blank sourced entries
[fpm_match.py] 2024-01-23 14:30:40,423 - [INFO]: FIDpMS file exists and contains manual and/or blank sourced entries
[fpm_match.py] 2024-01-23 14:30:40,423 - [INFO]: FIDpMS file exists and contains manual and/or blank sourced entries
[fpm_match.py] 2024-01-23 14:30:40,423 - [INFO]: FIDpMS file exists and contains manual and/or blank sourced entries
[fpm_match.py] 2024-01-23 14:30:40,423 - [INFO]: FIDpMS file exists and contains manual and/or blank sourced entries
[fpm_match.py] 2024-01-23 14:30:40,423 - [INFO]: FIDpMS file exists and contains manual and/or blank sourced entries
[fpm_match.py] 2024-01-23 14:30:40,423 - [INFO]: FIDpMS file exists and contains manual and/or blank sourced entries
[fpm_match.py] 2024-01-23 14:30:40,423 - [INFO]: FIDpMS file exists and contains manual and/or blank sourced entries
[fpm_match.py] 2024-01-23 14:30:40,423 - [INFO]: FIDpMS file exists and contains manual and/or blank sourced entries
[fpm_match.py] 2024-01-23 14:30:40,925 - [INFO]: Performing speculative labeling on Ni01BEA_265_24h_001 with 90 peaks, 3 of which are labelled: 3 sourced manually and 0 with an unknown source
[fpm_match.py] 2024-01-23 14:30:40,925 - [INFO]: Performing speculative labeling on Ni01BEA_265_24h_001 with 90 peaks, 3 of which are labelled: 3 sourced manually and 0 with an unknown source
[fpm_match.py] 2024-01-23 14:30:40,925 - [INFO]: Performing speculative labeling on Ni01BEA_265_24h_001 with 90 peaks, 3 of which are labelled: 3 sourced manually and 0 with an unknown source
[fpm_match.py] 2024-01-23 14:30:40,925 - [INFO]: Performing speculative labeling on Ni01BEA_265_24h_001 with 90 peaks, 3 of which are labelled: 3 sourced manually and 0 with an unknown source
[fpm_match.py] 2024-01-23 14:30:40,925 - [INFO]: Performing speculative labeling on Ni01BEA_265_24h_001 with 90 peaks, 3 of which are labelled: 3 sourced manually and 0 with an unknown source
[fpm_match.py] 2024-01-23 14:30:40,925 - [INFO]: Performing speculative labeling on Ni01BEA_265_24h_001 with 90 peaks, 3 of which are labelled: 3 sourced manually and 0 with an unknown source
[fpm_match.py] 2024-01-23 14:30:40,925 - [INFO]: Performing speculative labeling on Ni01BEA_265_24h_001 with 90 peaks, 3 of which are labelled: 3 sourced manually and 0 with an unknown source
[fpm_match.py] 2024-01-23 14:30:40,925 - [INFO]: Performing speculative labeling on Ni01BEA_265_24h_001 with 90 peaks, 3 of which are labelled: 3 sourced manually and 0 with an unknown source
[fpm_match.py] 2024-01-23 14:30:40,925 - [INFO]: Performing speculative labeling on Ni01BEA_265_24h_001 with 90 peaks, 3 of which are labelled: 3 sourced manually and 0 with an unknown source
[fpm_match.py] 2024-01-23 14:30:40,925 - [INFO]: Performing speculative labeling on Ni01BEA_265_24h_001 with 90 peaks, 3 of which are labelled: 3 sourced manually and 0 with an unknown source
[fpm_match.py] 2024-01-23 14:31:16,598 - [INFO]: FIDpMS file exists and contains manual and/or blank sourced entries
[fpm_match.py] 2024-01-23 14:31:16,598 - [INFO]: FIDpMS file exists and contains manual and/or blank sourced entries
[fpm_match.py] 2024-01-23 14:31:16,598 - [INFO]: FIDpMS file exists and contains manual and/or blank sourced entries
[fpm_match.py] 2024-01-23 14:31:16,598 - [INFO]: FIDpMS file exists and contains manual and/or blank sourced entries
[fpm_match.py] 2024-01-23 14:31:16,598 - [INFO]: FIDpMS file exists and contains manual and/or blank sourced entries
[fpm_match.py] 2024-01-23 14:31:16,598 - [INFO]: FIDpMS file exists and contains manual and/or blank sourced entries
[fpm_match.py] 2024-01-23 14:31:16,598 - [INFO]: FIDpMS file exists and contains manual and/or blank sourced entries
[fpm_match.py] 2024-01-23 14:31:16,598 - [INFO]: FIDpMS file exists and contains manual and/or blank sourced entries
[fpm_match.py] 2024-01-23 14:31:16,598 - [INFO]: FIDpMS file exists and contains manual and/or blank sourced entries
[fpm_match.py] 2024-01-23 14:31:16,598 - [INFO]: FIDpMS file exists and contains manual and/or blank sourced entries
[fpm_match.py] 2024-01-23 14:31:16,598 - [INFO]: FIDpMS file exists and contains manual and/or blank sourced entries
[fpm_match.py] 2024-01-23 14:31:16,935 - [INFO]: Performing speculative labeling on Ni01BEA_265_24h_001 with 90 peaks, 3 of which are labelled: 3 sourced manually and 0 with an unknown source
[fpm_match.py] 2024-01-23 14:31:16,935 - [INFO]: Performing speculative labeling on Ni01BEA_265_24h_001 with 90 peaks, 3 of which are labelled: 3 sourced manually and 0 with an unknown source
[fpm_match.py] 2024-01-23 14:31:16,935 - [INFO]: Performing speculative labeling on Ni01BEA_265_24h_001 with 90 peaks, 3 of which are labelled: 3 sourced manually and 0 with an unknown source
[fpm_match.py] 2024-01-23 14:31:16,935 - [INFO]: Performing speculative labeling on Ni01BEA_265_24h_001 with 90 peaks, 3 of which are labelled: 3 sourced manually and 0 with an unknown source
[fpm_match.py] 2024-01-23 14:31:16,935 - [INFO]: Performing speculative labeling on Ni01BEA_265_24h_001 with 90 peaks, 3 of which are labelled: 3 sourced manually and 0 with an unknown source
[fpm_match.py] 2024-01-23 14:31:16,935 - [INFO]: Performing speculative labeling on Ni01BEA_265_24h_001 with 90 peaks, 3 of which are labelled: 3 sourced manually and 0 with an unknown source
[fpm_match.py] 2024-01-23 14:31:16,935 - [INFO]: Performing speculative labeling on Ni01BEA_265_24h_001 with 90 peaks, 3 of which are labelled: 3 sourced manually and 0 with an unknown source
[fpm_match.py] 2024-01-23 14:31:16,935 - [INFO]: Performing speculative labeling on Ni01BEA_265_24h_001 with 90 peaks, 3 of which are labelled: 3 sourced manually and 0 with an unknown source
[fpm_match.py] 2024-01-23 14:31:16,935 - [INFO]: Performing speculative labeling on Ni01BEA_265_24h_001 with 90 peaks, 3 of which are labelled: 3 sourced manually and 0 with an unknown source
[fpm_match.py] 2024-01-23 14:31:16,935 - [INFO]: Performing speculative labeling on Ni01BEA_265_24h_001 with 90 peaks, 3 of which are labelled: 3 sourced manually and 0 with an unknown source
[fpm_match.py] 2024-01-23 14:31:16,935 - [INFO]: Performing speculative labeling on Ni01BEA_265_24h_001 with 90 peaks, 3 of which are labelled: 3 sourced manually and 0 with an unknown source
[fpm_match.py] 2024-01-23 14:31:37,376 - [INFO]: FIDpMS file exists and contains manual and/or blank sourced entries
[fpm_match.py] 2024-01-23 14:31:37,376 - [INFO]: FIDpMS file exists and contains manual and/or blank sourced entries
[fpm_match.py] 2024-01-23 14:31:37,376 - [INFO]: FIDpMS file exists and contains manual and/or blank sourced entries
[fpm_match.py] 2024-01-23 14:31:37,376 - [INFO]: FIDpMS file exists and contains manual and/or blank sourced entries
[fpm_match.py] 2024-01-23 14:31:37,376 - [INFO]: FIDpMS file exists and contains manual and/or blank sourced entries
[fpm_match.py] 2024-01-23 14:31:37,376 - [INFO]: FIDpMS file exists and contains manual and/or blank sourced entries
[fpm_match.py] 2024-01-23 14:31:37,376 - [INFO]: FIDpMS file exists and contains manual and/or blank sourced entries
[fpm_match.py] 2024-01-23 14:31:37,376 - [INFO]: FIDpMS file exists and contains manual and/or blank sourced entries
[fpm_match.py] 2024-01-23 14:31:37,376 - [INFO]: FIDpMS file exists and contains manual and/or blank sourced entries
[fpm_match.py] 2024-01-23 14:31:37,376 - [INFO]: FIDpMS file exists and contains manual and/or blank sourced entries
[fpm_match.py] 2024-01-23 14:31:37,376 - [INFO]: FIDpMS file exists and contains manual and/or blank sourced entries
[fpm_match.py] 2024-01-23 14:31:37,376 - [INFO]: FIDpMS file exists and contains manual and/or blank sourced entries
[fpm_match.py] 2024-01-23 14:31:37,604 - [INFO]: Performing speculative labeling on Ni01BEA_265_24h_001 with 90 peaks, 3 of which are labelled: 3 sourced manually and 0 with an unknown source
[fpm_match.py] 2024-01-23 14:31:37,604 - [INFO]: Performing speculative labeling on Ni01BEA_265_24h_001 with 90 peaks, 3 of which are labelled: 3 sourced manually and 0 with an unknown source
[fpm_match.py] 2024-01-23 14:31:37,604 - [INFO]: Performing speculative labeling on Ni01BEA_265_24h_001 with 90 peaks, 3 of which are labelled: 3 sourced manually and 0 with an unknown source
[fpm_match.py] 2024-01-23 14:31:37,604 - [INFO]: Performing speculative labeling on Ni01BEA_265_24h_001 with 90 peaks, 3 of which are labelled: 3 sourced manually and 0 with an unknown source
[fpm_match.py] 2024-01-23 14:31:37,604 - [INFO]: Performing speculative labeling on Ni01BEA_265_24h_001 with 90 peaks, 3 of which are labelled: 3 sourced manually and 0 with an unknown source
[fpm_match.py] 2024-01-23 14:31:37,604 - [INFO]: Performing speculative labeling on Ni01BEA_265_24h_001 with 90 peaks, 3 of which are labelled: 3 sourced manually and 0 with an unknown source
[fpm_match.py] 2024-01-23 14:31:37,604 - [INFO]: Performing speculative labeling on Ni01BEA_265_24h_001 with 90 peaks, 3 of which are labelled: 3 sourced manually and 0 with an unknown source
[fpm_match.py] 2024-01-23 14:31:37,604 - [INFO]: Performing speculative labeling on Ni01BEA_265_24h_001 with 90 peaks, 3 of which are labelled: 3 sourced manually and 0 with an unknown source
[fpm_match.py] 2024-01-23 14:31:37,604 - [INFO]: Performing speculative labeling on Ni01BEA_265_24h_001 with 90 peaks, 3 of which are labelled: 3 sourced manually and 0 with an unknown source
[fpm_match.py] 2024-01-23 14:31:37,604 - [INFO]: Performing speculative labeling on Ni01BEA_265_24h_001 with 90 peaks, 3 of which are labelled: 3 sourced manually and 0 with an unknown source
[fpm_match.py] 2024-01-23 14:31:37,604 - [INFO]: Performing speculative labeling on Ni01BEA_265_24h_001 with 90 peaks, 3 of which are labelled: 3 sourced manually and 0 with an unknown source
[fpm_match.py] 2024-01-23 14:31:37,604 - [INFO]: Performing speculative labeling on Ni01BEA_265_24h_001 with 90 peaks, 3 of which are labelled: 3 sourced manually and 0 with an unknown source
[fpm_match.py] 2024-01-23 14:33:39,326 - [INFO]: FIDpMS file exists and contains manual and/or blank sourced entries
[fpm_match.py] 2024-01-23 14:33:39,326 - [INFO]: FIDpMS file exists and contains manual and/or blank sourced entries
[fpm_match.py] 2024-01-23 14:33:39,326 - [INFO]: FIDpMS file exists and contains manual and/or blank sourced entries
[fpm_match.py] 2024-01-23 14:33:39,326 - [INFO]: FIDpMS file exists and contains manual and/or blank sourced entries
[fpm_match.py] 2024-01-23 14:33:39,326 - [INFO]: FIDpMS file exists and contains manual and/or blank sourced entries
[fpm_match.py] 2024-01-23 14:33:39,326 - [INFO]: FIDpMS file exists and contains manual and/or blank sourced entries
[fpm_match.py] 2024-01-23 14:33:39,326 - [INFO]: FIDpMS file exists and contains manual and/or blank sourced entries
[fpm_match.py] 2024-01-23 14:33:39,326 - [INFO]: FIDpMS file exists and contains manual and/or blank sourced entries
[fpm_match.py] 2024-01-23 14:33:39,326 - [INFO]: FIDpMS file exists and contains manual and/or blank sourced entries
[fpm_match.py] 2024-01-23 14:33:39,326 - [INFO]: FIDpMS file exists and contains manual and/or blank sourced entries
[fpm_match.py] 2024-01-23 14:33:39,326 - [INFO]: FIDpMS file exists and contains manual and/or blank sourced entries
[fpm_match.py] 2024-01-23 14:33:39,326 - [INFO]: FIDpMS file exists and contains manual and/or blank sourced entries
[fpm_match.py] 2024-01-23 14:33:39,326 - [INFO]: FIDpMS file exists and contains manual and/or blank sourced entries
[fpm_match.py] 2024-01-23 14:33:55,655 - [INFO]: FIDpMS file exists and contains manual and/or blank sourced entries
[fpm_match.py] 2024-01-23 14:33:55,655 - [INFO]: FIDpMS file exists and contains manual and/or blank sourced entries
[fpm_match.py] 2024-01-23 14:33:55,655 - [INFO]: FIDpMS file exists and contains manual and/or blank sourced entries
[fpm_match.py] 2024-01-23 14:33:55,655 - [INFO]: FIDpMS file exists and contains manual and/or blank sourced entries
[fpm_match.py] 2024-01-23 14:33:55,655 - [INFO]: FIDpMS file exists and contains manual and/or blank sourced entries
[fpm_match.py] 2024-01-23 14:33:55,655 - [INFO]: FIDpMS file exists and contains manual and/or blank sourced entries
[fpm_match.py] 2024-01-23 14:33:55,655 - [INFO]: FIDpMS file exists and contains manual and/or blank sourced entries
[fpm_match.py] 2024-01-23 14:33:55,655 - [INFO]: FIDpMS file exists and contains manual and/or blank sourced entries
[fpm_match.py] 2024-01-23 14:33:55,655 - [INFO]: FIDpMS file exists and contains manual and/or blank sourced entries
[fpm_match.py] 2024-01-23 14:33:55,655 - [INFO]: FIDpMS file exists and contains manual and/or blank sourced entries
[fpm_match.py] 2024-01-23 14:33:55,655 - [INFO]: FIDpMS file exists and contains manual and/or blank sourced entries
[fpm_match.py] 2024-01-23 14:33:55,655 - [INFO]: FIDpMS file exists and contains manual and/or blank sourced entries
[fpm_match.py] 2024-01-23 14:33:55,655 - [INFO]: FIDpMS file exists and contains manual and/or blank sourced entries
[fpm_match.py] 2024-01-23 14:33:55,655 - [INFO]: FIDpMS file exists and contains manual and/or blank sourced entries
[fpm_match.py] 2024-01-23 14:33:56,363 - [INFO]: Performing speculative labeling on Ni01BEA_265_24h_001 with 90 peaks, 3 of which are labelled: 3 sourced manually and 0 with an unknown source
[fpm_match.py] 2024-01-23 14:33:56,363 - [INFO]: Performing speculative labeling on Ni01BEA_265_24h_001 with 90 peaks, 3 of which are labelled: 3 sourced manually and 0 with an unknown source
[fpm_match.py] 2024-01-23 14:33:56,363 - [INFO]: Performing speculative labeling on Ni01BEA_265_24h_001 with 90 peaks, 3 of which are labelled: 3 sourced manually and 0 with an unknown source
[fpm_match.py] 2024-01-23 14:33:56,363 - [INFO]: Performing speculative labeling on Ni01BEA_265_24h_001 with 90 peaks, 3 of which are labelled: 3 sourced manually and 0 with an unknown source
[fpm_match.py] 2024-01-23 14:33:56,363 - [INFO]: Performing speculative labeling on Ni01BEA_265_24h_001 with 90 peaks, 3 of which are labelled: 3 sourced manually and 0 with an unknown source
[fpm_match.py] 2024-01-23 14:33:56,363 - [INFO]: Performing speculative labeling on Ni01BEA_265_24h_001 with 90 peaks, 3 of which are labelled: 3 sourced manually and 0 with an unknown source
[fpm_match.py] 2024-01-23 14:33:56,363 - [INFO]: Performing speculative labeling on Ni01BEA_265_24h_001 with 90 peaks, 3 of which are labelled: 3 sourced manually and 0 with an unknown source
[fpm_match.py] 2024-01-23 14:33:56,363 - [INFO]: Performing speculative labeling on Ni01BEA_265_24h_001 with 90 peaks, 3 of which are labelled: 3 sourced manually and 0 with an unknown source
[fpm_match.py] 2024-01-23 14:33:56,363 - [INFO]: Performing speculative labeling on Ni01BEA_265_24h_001 with 90 peaks, 3 of which are labelled: 3 sourced manually and 0 with an unknown source
[fpm_match.py] 2024-01-23 14:33:56,363 - [INFO]: Performing speculative labeling on Ni01BEA_265_24h_001 with 90 peaks, 3 of which are labelled: 3 sourced manually and 0 with an unknown source
[fpm_match.py] 2024-01-23 14:33:56,363 - [INFO]: Performing speculative labeling on Ni01BEA_265_24h_001 with 90 peaks, 3 of which are labelled: 3 sourced manually and 0 with an unknown source
[fpm_match.py] 2024-01-23 14:33:56,363 - [INFO]: Performing speculative labeling on Ni01BEA_265_24h_001 with 90 peaks, 3 of which are labelled: 3 sourced manually and 0 with an unknown source
[fpm_match.py] 2024-01-23 14:33:56,363 - [INFO]: Performing speculative labeling on Ni01BEA_265_24h_001 with 90 peaks, 3 of which are labelled: 3 sourced manually and 0 with an unknown source
[fpm_match.py] 2024-01-23 14:33:56,363 - [INFO]: Performing speculative labeling on Ni01BEA_265_24h_001 with 90 peaks, 3 of which are labelled: 3 sourced manually and 0 with an unknown source
[fpm_match.py] 2024-01-23 14:34:45,301 - [INFO]: FIDpMS file exists and contains manual and/or blank sourced entries
[fpm_match.py] 2024-01-23 14:34:45,301 - [INFO]: FIDpMS file exists and contains manual and/or blank sourced entries
[fpm_match.py] 2024-01-23 14:34:45,301 - [INFO]: FIDpMS file exists and contains manual and/or blank sourced entries
[fpm_match.py] 2024-01-23 14:34:45,301 - [INFO]: FIDpMS file exists and contains manual and/or blank sourced entries
[fpm_match.py] 2024-01-23 14:34:45,301 - [INFO]: FIDpMS file exists and contains manual and/or blank sourced entries
[fpm_match.py] 2024-01-23 14:34:45,301 - [INFO]: FIDpMS file exists and contains manual and/or blank sourced entries
[fpm_match.py] 2024-01-23 14:34:45,301 - [INFO]: FIDpMS file exists and contains manual and/or blank sourced entries
[fpm_match.py] 2024-01-23 14:34:45,301 - [INFO]: FIDpMS file exists and contains manual and/or blank sourced entries
[fpm_match.py] 2024-01-23 14:34:45,301 - [INFO]: FIDpMS file exists and contains manual and/or blank sourced entries
[fpm_match.py] 2024-01-23 14:34:45,301 - [INFO]: FIDpMS file exists and contains manual and/or blank sourced entries
[fpm_match.py] 2024-01-23 14:34:45,301 - [INFO]: FIDpMS file exists and contains manual and/or blank sourced entries
[fpm_match.py] 2024-01-23 14:34:45,301 - [INFO]: FIDpMS file exists and contains manual and/or blank sourced entries
[fpm_match.py] 2024-01-23 14:34:45,301 - [INFO]: FIDpMS file exists and contains manual and/or blank sourced entries
[fpm_match.py] 2024-01-23 14:34:45,301 - [INFO]: FIDpMS file exists and contains manual and/or blank sourced entries
[fpm_match.py] 2024-01-23 14:34:45,301 - [INFO]: FIDpMS file exists and contains manual and/or blank sourced entries
[fpm_match.py] 2024-01-23 14:34:45,341 - [INFO]: Performing speculative labeling on Ni01BEA_265_24h_001 with 55 peaks, 3 of which are labelled: 3 sourced manually and 0 with an unknown source
[fpm_match.py] 2024-01-23 14:34:45,341 - [INFO]: Performing speculative labeling on Ni01BEA_265_24h_001 with 55 peaks, 3 of which are labelled: 3 sourced manually and 0 with an unknown source
[fpm_match.py] 2024-01-23 14:34:45,341 - [INFO]: Performing speculative labeling on Ni01BEA_265_24h_001 with 55 peaks, 3 of which are labelled: 3 sourced manually and 0 with an unknown source
[fpm_match.py] 2024-01-23 14:34:45,341 - [INFO]: Performing speculative labeling on Ni01BEA_265_24h_001 with 55 peaks, 3 of which are labelled: 3 sourced manually and 0 with an unknown source
[fpm_match.py] 2024-01-23 14:34:45,341 - [INFO]: Performing speculative labeling on Ni01BEA_265_24h_001 with 55 peaks, 3 of which are labelled: 3 sourced manually and 0 with an unknown source
[fpm_match.py] 2024-01-23 14:34:45,341 - [INFO]: Performing speculative labeling on Ni01BEA_265_24h_001 with 55 peaks, 3 of which are labelled: 3 sourced manually and 0 with an unknown source
[fpm_match.py] 2024-01-23 14:34:45,341 - [INFO]: Performing speculative labeling on Ni01BEA_265_24h_001 with 55 peaks, 3 of which are labelled: 3 sourced manually and 0 with an unknown source
[fpm_match.py] 2024-01-23 14:34:45,341 - [INFO]: Performing speculative labeling on Ni01BEA_265_24h_001 with 55 peaks, 3 of which are labelled: 3 sourced manually and 0 with an unknown source
[fpm_match.py] 2024-01-23 14:34:45,341 - [INFO]: Performing speculative labeling on Ni01BEA_265_24h_001 with 55 peaks, 3 of which are labelled: 3 sourced manually and 0 with an unknown source
[fpm_match.py] 2024-01-23 14:34:45,341 - [INFO]: Performing speculative labeling on Ni01BEA_265_24h_001 with 55 peaks, 3 of which are labelled: 3 sourced manually and 0 with an unknown source
[fpm_match.py] 2024-01-23 14:34:45,341 - [INFO]: Performing speculative labeling on Ni01BEA_265_24h_001 with 55 peaks, 3 of which are labelled: 3 sourced manually and 0 with an unknown source
[fpm_match.py] 2024-01-23 14:34:45,341 - [INFO]: Performing speculative labeling on Ni01BEA_265_24h_001 with 55 peaks, 3 of which are labelled: 3 sourced manually and 0 with an unknown source
[fpm_match.py] 2024-01-23 14:34:45,341 - [INFO]: Performing speculative labeling on Ni01BEA_265_24h_001 with 55 peaks, 3 of which are labelled: 3 sourced manually and 0 with an unknown source
[fpm_match.py] 2024-01-23 14:34:45,341 - [INFO]: Performing speculative labeling on Ni01BEA_265_24h_001 with 55 peaks, 3 of which are labelled: 3 sourced manually and 0 with an unknown source
[fpm_match.py] 2024-01-23 14:34:45,341 - [INFO]: Performing speculative labeling on Ni01BEA_265_24h_001 with 55 peaks, 3 of which are labelled: 3 sourced manually and 0 with an unknown source
[fpm_match.py] 2024-01-23 14:35:48,889 - [INFO]: FIDpMS file exists and contains manual and/or blank sourced entries
[fpm_match.py] 2024-01-23 14:35:48,889 - [INFO]: FIDpMS file exists and contains manual and/or blank sourced entries
[fpm_match.py] 2024-01-23 14:35:48,889 - [INFO]: FIDpMS file exists and contains manual and/or blank sourced entries
[fpm_match.py] 2024-01-23 14:35:48,889 - [INFO]: FIDpMS file exists and contains manual and/or blank sourced entries
[fpm_match.py] 2024-01-23 14:35:48,889 - [INFO]: FIDpMS file exists and contains manual and/or blank sourced entries
[fpm_match.py] 2024-01-23 14:35:48,889 - [INFO]: FIDpMS file exists and contains manual and/or blank sourced entries
[fpm_match.py] 2024-01-23 14:35:48,889 - [INFO]: FIDpMS file exists and contains manual and/or blank sourced entries
[fpm_match.py] 2024-01-23 14:35:48,889 - [INFO]: FIDpMS file exists and contains manual and/or blank sourced entries
[fpm_match.py] 2024-01-23 14:35:48,889 - [INFO]: FIDpMS file exists and contains manual and/or blank sourced entries
[fpm_match.py] 2024-01-23 14:35:48,889 - [INFO]: FIDpMS file exists and contains manual and/or blank sourced entries
[fpm_match.py] 2024-01-23 14:35:48,889 - [INFO]: FIDpMS file exists and contains manual and/or blank sourced entries
[fpm_match.py] 2024-01-23 14:35:48,889 - [INFO]: FIDpMS file exists and contains manual and/or blank sourced entries
[fpm_match.py] 2024-01-23 14:35:48,889 - [INFO]: FIDpMS file exists and contains manual and/or blank sourced entries
[fpm_match.py] 2024-01-23 14:35:48,889 - [INFO]: FIDpMS file exists and contains manual and/or blank sourced entries
[fpm_match.py] 2024-01-23 14:35:48,889 - [INFO]: FIDpMS file exists and contains manual and/or blank sourced entries
[fpm_match.py] 2024-01-23 14:35:48,889 - [INFO]: FIDpMS file exists and contains manual and/or blank sourced entries
[fpm_match.py] 2024-01-23 14:35:48,952 - [INFO]: Performing speculative labeling on Ni01BEA_265_24h_001 with 90 peaks, 3 of which are labelled: 3 sourced manually and 0 with an unknown source
[fpm_match.py] 2024-01-23 14:35:48,952 - [INFO]: Performing speculative labeling on Ni01BEA_265_24h_001 with 90 peaks, 3 of which are labelled: 3 sourced manually and 0 with an unknown source
[fpm_match.py] 2024-01-23 14:35:48,952 - [INFO]: Performing speculative labeling on Ni01BEA_265_24h_001 with 90 peaks, 3 of which are labelled: 3 sourced manually and 0 with an unknown source
[fpm_match.py] 2024-01-23 14:35:48,952 - [INFO]: Performing speculative labeling on Ni01BEA_265_24h_001 with 90 peaks, 3 of which are labelled: 3 sourced manually and 0 with an unknown source
[fpm_match.py] 2024-01-23 14:35:48,952 - [INFO]: Performing speculative labeling on Ni01BEA_265_24h_001 with 90 peaks, 3 of which are labelled: 3 sourced manually and 0 with an unknown source
[fpm_match.py] 2024-01-23 14:35:48,952 - [INFO]: Performing speculative labeling on Ni01BEA_265_24h_001 with 90 peaks, 3 of which are labelled: 3 sourced manually and 0 with an unknown source
[fpm_match.py] 2024-01-23 14:35:48,952 - [INFO]: Performing speculative labeling on Ni01BEA_265_24h_001 with 90 peaks, 3 of which are labelled: 3 sourced manually and 0 with an unknown source
[fpm_match.py] 2024-01-23 14:35:48,952 - [INFO]: Performing speculative labeling on Ni01BEA_265_24h_001 with 90 peaks, 3 of which are labelled: 3 sourced manually and 0 with an unknown source
[fpm_match.py] 2024-01-23 14:35:48,952 - [INFO]: Performing speculative labeling on Ni01BEA_265_24h_001 with 90 peaks, 3 of which are labelled: 3 sourced manually and 0 with an unknown source
[fpm_match.py] 2024-01-23 14:35:48,952 - [INFO]: Performing speculative labeling on Ni01BEA_265_24h_001 with 90 peaks, 3 of which are labelled: 3 sourced manually and 0 with an unknown source
[fpm_match.py] 2024-01-23 14:35:48,952 - [INFO]: Performing speculative labeling on Ni01BEA_265_24h_001 with 90 peaks, 3 of which are labelled: 3 sourced manually and 0 with an unknown source
[fpm_match.py] 2024-01-23 14:35:48,952 - [INFO]: Performing speculative labeling on Ni01BEA_265_24h_001 with 90 peaks, 3 of which are labelled: 3 sourced manually and 0 with an unknown source
[fpm_match.py] 2024-01-23 14:35:48,952 - [INFO]: Performing speculative labeling on Ni01BEA_265_24h_001 with 90 peaks, 3 of which are labelled: 3 sourced manually and 0 with an unknown source
[fpm_match.py] 2024-01-23 14:35:48,952 - [INFO]: Performing speculative labeling on Ni01BEA_265_24h_001 with 90 peaks, 3 of which are labelled: 3 sourced manually and 0 with an unknown source
[fpm_match.py] 2024-01-23 14:35:48,952 - [INFO]: Performing speculative labeling on Ni01BEA_265_24h_001 with 90 peaks, 3 of which are labelled: 3 sourced manually and 0 with an unknown source
[fpm_match.py] 2024-01-23 14:35:48,952 - [INFO]: Performing speculative labeling on Ni01BEA_265_24h_001 with 90 peaks, 3 of which are labelled: 3 sourced manually and 0 with an unknown source
[fpm_match.py] 2024-01-23 14:37:29,732 - [INFO]: FIDpMS file exists and contains manual and/or blank sourced entries
[fpm_match.py] 2024-01-23 14:37:29,732 - [INFO]: FIDpMS file exists and contains manual and/or blank sourced entries
[fpm_match.py] 2024-01-23 14:37:29,732 - [INFO]: FIDpMS file exists and contains manual and/or blank sourced entries
[fpm_match.py] 2024-01-23 14:37:29,732 - [INFO]: FIDpMS file exists and contains manual and/or blank sourced entries
[fpm_match.py] 2024-01-23 14:37:29,732 - [INFO]: FIDpMS file exists and contains manual and/or blank sourced entries
[fpm_match.py] 2024-01-23 14:37:29,732 - [INFO]: FIDpMS file exists and contains manual and/or blank sourced entries
[fpm_match.py] 2024-01-23 14:37:29,732 - [INFO]: FIDpMS file exists and contains manual and/or blank sourced entries
[fpm_match.py] 2024-01-23 14:37:29,732 - [INFO]: FIDpMS file exists and contains manual and/or blank sourced entries
[fpm_match.py] 2024-01-23 14:37:29,732 - [INFO]: FIDpMS file exists and contains manual and/or blank sourced entries
[fpm_match.py] 2024-01-23 14:37:29,732 - [INFO]: FIDpMS file exists and contains manual and/or blank sourced entries
[fpm_match.py] 2024-01-23 14:37:29,732 - [INFO]: FIDpMS file exists and contains manual and/or blank sourced entries
[fpm_match.py] 2024-01-23 14:37:29,732 - [INFO]: FIDpMS file exists and contains manual and/or blank sourced entries
[fpm_match.py] 2024-01-23 14:37:29,732 - [INFO]: FIDpMS file exists and contains manual and/or blank sourced entries
[fpm_match.py] 2024-01-23 14:37:29,732 - [INFO]: FIDpMS file exists and contains manual and/or blank sourced entries
[fpm_match.py] 2024-01-23 14:37:29,732 - [INFO]: FIDpMS file exists and contains manual and/or blank sourced entries
[fpm_match.py] 2024-01-23 14:37:29,732 - [INFO]: FIDpMS file exists and contains manual and/or blank sourced entries
[fpm_match.py] 2024-01-23 14:37:29,732 - [INFO]: FIDpMS file exists and contains manual and/or blank sourced entries
[fpm_match.py] 2024-01-23 14:37:30,042 - [INFO]: Performing speculative labeling on Ni01BEA_265_24h_001 with 90 peaks, 3 of which are labelled: 3 sourced manually and 0 with an unknown source
[fpm_match.py] 2024-01-23 14:37:30,042 - [INFO]: Performing speculative labeling on Ni01BEA_265_24h_001 with 90 peaks, 3 of which are labelled: 3 sourced manually and 0 with an unknown source
[fpm_match.py] 2024-01-23 14:37:30,042 - [INFO]: Performing speculative labeling on Ni01BEA_265_24h_001 with 90 peaks, 3 of which are labelled: 3 sourced manually and 0 with an unknown source
[fpm_match.py] 2024-01-23 14:37:30,042 - [INFO]: Performing speculative labeling on Ni01BEA_265_24h_001 with 90 peaks, 3 of which are labelled: 3 sourced manually and 0 with an unknown source
[fpm_match.py] 2024-01-23 14:37:30,042 - [INFO]: Performing speculative labeling on Ni01BEA_265_24h_001 with 90 peaks, 3 of which are labelled: 3 sourced manually and 0 with an unknown source
[fpm_match.py] 2024-01-23 14:37:30,042 - [INFO]: Performing speculative labeling on Ni01BEA_265_24h_001 with 90 peaks, 3 of which are labelled: 3 sourced manually and 0 with an unknown source
[fpm_match.py] 2024-01-23 14:37:30,042 - [INFO]: Performing speculative labeling on Ni01BEA_265_24h_001 with 90 peaks, 3 of which are labelled: 3 sourced manually and 0 with an unknown source
[fpm_match.py] 2024-01-23 14:37:30,042 - [INFO]: Performing speculative labeling on Ni01BEA_265_24h_001 with 90 peaks, 3 of which are labelled: 3 sourced manually and 0 with an unknown source
[fpm_match.py] 2024-01-23 14:37:30,042 - [INFO]: Performing speculative labeling on Ni01BEA_265_24h_001 with 90 peaks, 3 of which are labelled: 3 sourced manually and 0 with an unknown source
[fpm_match.py] 2024-01-23 14:37:30,042 - [INFO]: Performing speculative labeling on Ni01BEA_265_24h_001 with 90 peaks, 3 of which are labelled: 3 sourced manually and 0 with an unknown source
[fpm_match.py] 2024-01-23 14:37:30,042 - [INFO]: Performing speculative labeling on Ni01BEA_265_24h_001 with 90 peaks, 3 of which are labelled: 3 sourced manually and 0 with an unknown source
[fpm_match.py] 2024-01-23 14:37:30,042 - [INFO]: Performing speculative labeling on Ni01BEA_265_24h_001 with 90 peaks, 3 of which are labelled: 3 sourced manually and 0 with an unknown source
[fpm_match.py] 2024-01-23 14:37:30,042 - [INFO]: Performing speculative labeling on Ni01BEA_265_24h_001 with 90 peaks, 3 of which are labelled: 3 sourced manually and 0 with an unknown source
[fpm_match.py] 2024-01-23 14:37:30,042 - [INFO]: Performing speculative labeling on Ni01BEA_265_24h_001 with 90 peaks, 3 of which are labelled: 3 sourced manually and 0 with an unknown source
[fpm_match.py] 2024-01-23 14:37:30,042 - [INFO]: Performing speculative labeling on Ni01BEA_265_24h_001 with 90 peaks, 3 of which are labelled: 3 sourced manually and 0 with an unknown source
[fpm_match.py] 2024-01-23 14:37:30,042 - [INFO]: Performing speculative labeling on Ni01BEA_265_24h_001 with 90 peaks, 3 of which are labelled: 3 sourced manually and 0 with an unknown source
[fpm_match.py] 2024-01-23 14:37:30,042 - [INFO]: Performing speculative labeling on Ni01BEA_265_24h_001 with 90 peaks, 3 of which are labelled: 3 sourced manually and 0 with an unknown source
[Quantification.py] 2024-01-23 14:44:54,613 - [INFO]: New breakdown created: Ni01BEA_265_24h_001_Breakdown_20240123.xlsx
[Quantification.py] 2024-01-23 14:44:54,613 - [INFO]: New breakdown created: Ni01BEA_265_24h_001_Breakdown_20240123.xlsx
[Quantification.py] 2024-01-23 14:44:54,613 - [INFO]: New breakdown created: Ni01BEA_265_24h_001_Breakdown_20240123.xlsx
[Quantification.py] 2024-01-23 14:44:54,613 - [INFO]: New breakdown created: Ni01BEA_265_24h_001_Breakdown_20240123.xlsx
[Quantification.py] 2024-01-23 14:44:54,613 - [INFO]: New breakdown created: Ni01BEA_265_24h_001_Breakdown_20240123.xlsx
[Quantification.py] 2024-01-23 14:44:54,613 - [INFO]: New breakdown created: Ni01BEA_265_24h_001_Breakdown_20240123.xlsx
[Quantification.py] 2024-01-23 14:44:54,613 - [INFO]: New breakdown created: Ni01BEA_265_24h_001_Breakdown_20240123.xlsx
[Quantification.py] 2024-01-23 14:44:54,613 - [INFO]: New breakdown created: Ni01BEA_265_24h_001_Breakdown_20240123.xlsx
[Quantification.py] 2024-01-23 14:44:54,613 - [INFO]: New breakdown created: Ni01BEA_265_24h_001_Breakdown_20240123.xlsx
[Quantification.py] 2024-01-23 14:44:54,613 - [INFO]: New breakdown created: Ni01BEA_265_24h_001_Breakdown_20240123.xlsx
[Quantification.py] 2024-01-23 14:44:54,613 - [INFO]: New breakdown created: Ni01BEA_265_24h_001_Breakdown_20240123.xlsx
[Quantification.py] 2024-01-23 14:44:54,613 - [INFO]: New breakdown created: Ni01BEA_265_24h_001_Breakdown_20240123.xlsx
[Quantification.py] 2024-01-23 14:44:54,613 - [INFO]: New breakdown created: Ni01BEA_265_24h_001_Breakdown_20240123.xlsx
[Quantification.py] 2024-01-23 14:44:54,613 - [INFO]: New breakdown created: Ni01BEA_265_24h_001_Breakdown_20240123.xlsx
[Quantification.py] 2024-01-23 14:44:54,613 - [INFO]: New breakdown created: Ni01BEA_265_24h_001_Breakdown_20240123.xlsx
[Quantification.py] 2024-01-23 14:44:54,613 - [INFO]: New breakdown created: Ni01BEA_265_24h_001_Breakdown_20240123.xlsx
[Quantification.py] 2024-01-23 14:44:54,613 - [INFO]: New breakdown created: Ni01BEA_265_24h_001_Breakdown_20240123.xlsx
[Quantification.py] 2024-01-23 14:44:54,613 - [INFO]: New breakdown created: Ni01BEA_265_24h_001_Breakdown_20240123.xlsx
[Quantification.py] 2024-01-23 14:44:54,613 - [INFO]: New breakdown created: Ni01BEA_265_24h_001_Breakdown_20240123.xlsx
[Quantification.py] 2024-01-23 14:44:54,613 - [INFO]: New breakdown created: Ni01BEA_265_24h_001_Breakdown_20240123.xlsx
[Quantification.py] 2024-01-23 14:44:54,613 - [INFO]: New breakdown created: Ni01BEA_265_24h_001_Breakdown_20240123.xlsx
[Quantification.py] 2024-01-23 14:44:54,613 - [INFO]: New breakdown created: Ni01BEA_265_24h_001_Breakdown_20240123.xlsx
[Quantification.py] 2024-01-23 14:44:54,613 - [INFO]: New breakdown created: Ni01BEA_265_24h_001_Breakdown_20240123.xlsx
[AutoQuantification.py] 2024-01-23 14:56:39,106 - [INFO]: New breakdown created: Ni01BEA_265_24h_001_Breakdown_20240123.xlsx
[AutoQuantification.py] 2024-01-23 15:02:49,848 - [INFO]: New breakdown created: Ni01BEA_265_24h_001_Breakdown_20240123.xlsx
